<?xml version="1.0" encoding="UTF-8"?>
<!-- Generated by org.testng.reporters.JUnitReportReporter -->
<testsuite hostname="TECLOHP" failures="0" tests="1" name="com.qa.oranghrm.testcases.AdminPannelTestCase" time="30.390" errors="0" timestamp="2024-07-09T23:07:47 IST" skipped="0">
  <testcase classname="com.qa.oranghrm.testcases.AdminPannelTestCase" name="SerachUserAdmin" time="30.390"/>
</testsuite> <!-- com.qa.oranghrm.testcases.AdminPannelTestCase -->
