<?xml version="1.0" encoding="UTF-8"?>
<!-- Generated by org.testng.reporters.JUnitReportReporter -->
<testsuite hostname="TECLOHP" failures="0" tests="1" name="com.qa.oranghrm.testcases.AddEmpTestCase" time="28.702" errors="0" timestamp="2024-07-09T23:05:29 IST" skipped="0">
  <testcase classname="com.qa.oranghrm.testcases.AddEmpTestCase" name="verifyIn_Emp_list" time="28.702"/>
</testsuite> <!-- com.qa.oranghrm.testcases.AddEmpTestCase -->
