<?xml version="1.0" encoding="UTF-8"?>
<!-- Generated by org.testng.reporters.JUnitReportReporter -->
<testsuite hostname="TECLOHP" failures="0" tests="5" name="com.qa.oranghrm.testcases.LoginTestCases" time="101.745" errors="0" timestamp="2024-07-07T23:19:38 IST" skipped="0">
  <testcase classname="com.qa.oranghrm.testcases.LoginTestCases" name="verifyTitle" time="18.512"/>
  <testcase classname="com.qa.oranghrm.testcases.LoginTestCases" name="verifyLoginFunctionality" time="18.512"/>
  <testcase classname="com.qa.oranghrm.testcases.LoginTestCases" name="login" time="21.798"/>
  <testcase classname="com.qa.oranghrm.testcases.LoginTestCases" name="verifyLoginFunctionality" time="22.403"/>
  <testcase classname="com.qa.oranghrm.testcases.LoginTestCases" name="verifyLoginFunctionality" time="20.520"/>
</testsuite> <!-- com.qa.oranghrm.testcases.LoginTestCases -->
